{"numFailedTestSuites":0,"numFailedTests":0,"numPassedTestSuites":5,"numPassedTests":12,"numPendingTestSuites":0,"numPendingTests":0,"numRuntimeErrorTestSuites":0,"numTotalTestSuites":5,"numTotalTests":12,"snapshot":{"added":0,"didUpdate":false,"failure":false,"filesAdded":0,"filesRemoved":0,"filesUnmatched":0,"filesUpdated":0,"matched":0,"total":0,"unchecked":0,"uncheckedKeys":[],"unmatched":0,"updated":0},"startTime":1523980390462,"success":true,"testResults":[{"assertionResults":[{"ancestorTitles":[],"failureMessages":[],"fullName":"by default game duration is 25 mins","location":null,"status":"passed","title":"by default game duration is 25 mins"},{"ancestorTitles":[],"failureMessages":[],"fullName":"game duration can be customized","location":null,"status":"passed","title":"game duration can be customized"},{"ancestorTitles":[],"failureMessages":[],"fullName":"start() will change running to true","location":null,"status":"passed","title":"start() will change running to true"},{"ancestorTitles":[],"failureMessages":[],"fullName":"start() will make game to decrement countDown automatically","location":null,"status":"passed","title":"start() will make game to decrement countDown automatically"},{"ancestorTitles":[],"failureMessages":[],"fullName":"calling start() multiple times will not decrement multiple times faster","location":null,"status":"passed","title":"calling start() multiple times will not decrement multiple times faster"},{"ancestorTitles":[],"failureMessages":[],"fullName":"after pause() can start() again","location":null,"status":"passed","title":"after pause() can start() again"}],"endTime":1523980390964,"message":"","name":"/Users/hwong/code/unional/t2-battle/src/Game/GameController.spec.ts","startTime":1523980390761,"status":"passed","summary":""},{"assertionResults":[{"ancestorTitles":[],"failureMessages":[],"fullName":"starts with start shown, pause and reset hidden","location":null,"status":"passed","title":"starts with start shown, pause and reset hidden"},{"ancestorTitles":[],"failureMessages":[],"fullName":"click start button starts timer","location":null,"status":"passed","title":"click start button starts timer"}],"endTime":1523980391060,"message":"","name":"/Users/hwong/code/unional/t2-battle/src/components/Timer/TimerControlPanel.spec.tsx","startTime":1523980391020,"status":"passed","summary":""},{"assertionResults":[{"ancestorTitles":[],"failureMessages":[],"fullName":"Invoke start game","location":null,"status":"passed","title":"Invoke start game"}],"endTime":1523980391151,"message":"","name":"/Users/hwong/code/unional/t2-battle/src/components/ScoreBoard/ScoreBoard.spec.tsx","startTime":1523980391121,"status":"passed","summary":""},{"assertionResults":[{"ancestorTitles":[],"failureMessages":[],"fullName":"renders 01:00 for 60 seconds","location":null,"status":"passed","title":"renders 01:00 for 60 seconds"},{"ancestorTitles":[],"failureMessages":[],"fullName":"renders 00:59 for 59 seconds","location":null,"status":"passed","title":"renders 00:59 for 59 seconds"}],"endTime":1523980391231,"message":"","name":"/Users/hwong/code/unional/t2-battle/src/components/Timer/TimerDisplay.spec.tsx","startTime":1523980391213,"status":"passed","summary":""},{"assertionResults":[{"ancestorTitles":[],"failureMessages":[],"fullName":"display message","location":null,"status":"passed","title":"display message"}],"endTime":1523980391608,"message":"","name":"/Users/hwong/code/unional/t2-battle/src/components/Error/Error.spec.tsx","startTime":1523980391578,"status":"passed","summary":""}],"wasInterrupted":false}