{"numFailedTestSuites":0,"numFailedTests":0,"numPassedTestSuites":1,"numPassedTests":6,"numPendingTestSuites":0,"numPendingTests":0,"numRuntimeErrorTestSuites":0,"numTotalTestSuites":1,"numTotalTests":6,"snapshot":{"added":0,"didUpdate":false,"failure":false,"filesAdded":0,"filesRemoved":0,"filesUnmatched":0,"filesUpdated":0,"matched":0,"total":0,"unchecked":0,"uncheckedKeys":[],"unmatched":0,"updated":0},"startTime":1523859557814,"success":true,"testResults":[{"assertionResults":[{"ancestorTitles":[],"failureMessages":[],"fullName":"by default game duration is 25 mins","location":null,"status":"passed","title":"by default game duration is 25 mins"},{"ancestorTitles":[],"failureMessages":[],"fullName":"game duration can be customized","location":null,"status":"passed","title":"game duration can be customized"},{"ancestorTitles":[],"failureMessages":[],"fullName":"start() will change running to true","location":null,"status":"passed","title":"start() will change running to true"},{"ancestorTitles":[],"failureMessages":[],"fullName":"start() will make game to decrement countDown automatically","location":null,"status":"passed","title":"start() will make game to decrement countDown automatically"},{"ancestorTitles":[],"failureMessages":[],"fullName":"calling start() multiple times will not decrement multiple times faster","location":null,"status":"passed","title":"calling start() multiple times will not decrement multiple times faster"},{"ancestorTitles":[],"failureMessages":[],"fullName":"after pause() can start() again","location":null,"status":"passed","title":"after pause() can start() again"}],"endTime":1523859558750,"message":"","name":"/Users/hwong/code/unional/t2-battle/src/Game/GameController.spec.ts","startTime":1523859558154,"status":"passed","summary":""}],"wasInterrupted":false}